[2022-12-02 20:34:09.928 +01:00  INF]  Now listening on: https://localhost:7165
[2022-12-02 20:34:09.995 +01:00  INF]  Now listening on: http://localhost:5165
[2022-12-02 20:34:10.000 +01:00  INF]  Application started. Press Ctrl+C to shut down.
[2022-12-02 20:34:10.000 +01:00  INF]  Hosting environment: Development
[2022-12-02 20:34:10.000 +01:00  INF]  Content root path: C:\Users\wikar\OneDrive\Pulpit\Hackathon\API\TaskControllerAPI\WebApi\
[2022-12-02 20:34:11.965 +01:00  INF]  Request starting HTTP/2 GET https://localhost:7165/swagger - -
[2022-12-02 20:34:12.817 +01:00  INF]  Request finished HTTP/2 GET https://localhost:7165/swagger - - - 301 0 - 785.7883ms
[2022-12-02 20:34:13.158 +01:00  INF]  Request starting HTTP/2 GET https://localhost:7165/swagger/index.html - -
[2022-12-02 20:34:13.816 +01:00  INF]  Request finished HTTP/2 GET https://localhost:7165/swagger/index.html - - - 200 - text/html;charset=utf-8 658.1765ms
[2022-12-02 20:34:13.988 +01:00  INF]  Request starting HTTP/2 GET https://localhost:7165/swagger/swagger-ui.css - -
[2022-12-02 20:34:14.149 +01:00  INF]  Request starting HTTP/2 GET https://localhost:7165/swagger/swagger-ui-bundle.js - -
[2022-12-02 20:34:14.175 +01:00  INF]  Request starting HTTP/2 GET https://localhost:7165/_framework/aspnetcore-browser-refresh.js - -
[2022-12-02 20:34:14.178 +01:00  INF]  Request starting HTTP/2 GET https://localhost:7165/_vs/browserLink - -
[2022-12-02 20:34:14.219 +01:00  INF]  Request finished HTTP/2 GET https://localhost:7165/_framework/aspnetcore-browser-refresh.js - - - 200 11982 application/javascript;+charset=utf-8 43.7227ms
[2022-12-02 20:34:14.219 +01:00  INF]  Request starting HTTP/2 GET https://localhost:7165/swagger/swagger-ui-standalone-preset.js - -
[2022-12-02 20:34:14.232 +01:00  INF]  Sending file. Request path: '/swagger-ui.css'. Physical path: 'N/A'
[2022-12-02 20:34:14.232 +01:00  INF]  Request finished HTTP/2 GET https://localhost:7165/swagger/swagger-ui.css - - - 200 143632 text/css 244.6987ms
[2022-12-02 20:34:14.352 +01:00  INF]  Sending file. Request path: '/swagger-ui-standalone-preset.js'. Physical path: 'N/A'
[2022-12-02 20:34:14.352 +01:00  INF]  Request finished HTTP/2 GET https://localhost:7165/swagger/swagger-ui-standalone-preset.js - - - 200 337162 application/javascript 132.8582ms
[2022-12-02 20:34:14.390 +01:00  INF]  Sending file. Request path: '/swagger-ui-bundle.js'. Physical path: 'N/A'
[2022-12-02 20:34:14.391 +01:00  INF]  Request finished HTTP/2 GET https://localhost:7165/swagger/swagger-ui-bundle.js - - - 200 1092889 application/javascript 242.3456ms
[2022-12-02 20:34:14.420 +01:00  INF]  Request finished HTTP/2 GET https://localhost:7165/_vs/browserLink - - - 200 - text/javascript;+charset=UTF-8 243.6684ms
[2022-12-02 20:34:14.741 +01:00  INF]  Request starting HTTP/2 GET https://localhost:7165/swagger/v1/swagger.json - -
[2022-12-02 20:34:14.746 +01:00  INF]  Request starting HTTP/2 GET https://localhost:7165/swagger/favicon-32x32.png - -
[2022-12-02 20:34:14.747 +01:00  INF]  Sending file. Request path: '/favicon-32x32.png'. Physical path: 'N/A'
[2022-12-02 20:34:14.747 +01:00  INF]  Request finished HTTP/2 GET https://localhost:7165/swagger/favicon-32x32.png - - - 200 628 image/png 0.4804ms
[2022-12-02 20:34:14.812 +01:00  INF]  Request finished HTTP/2 GET https://localhost:7165/swagger/v1/swagger.json - - - 200 - application/json;charset=utf-8 71.1181ms
[2022-12-02 22:21:48.034 +01:00  INF]  Entity Framework Core 6.0.11 initialized 'TaskOrganiserContext' using provider 'Microsoft.EntityFrameworkCore.SqlServer:6.0.11' with options: None
[2022-12-02 22:21:59.751 +01:00  INF]  Entity Framework Core 6.0.11 initialized 'TaskOrganiserContext' using provider 'Microsoft.EntityFrameworkCore.SqlServer:6.0.11' with options: None
[2022-12-02 22:25:42.897 +01:00  INF]  Entity Framework Core 6.0.11 initialized 'TaskOrganiserContext' using provider 'Microsoft.EntityFrameworkCore.SqlServer:6.0.11' with options: None
[2022-12-02 22:26:41.535 +01:00  INF]  Entity Framework Core 6.0.11 initialized 'TaskOrganiserContext' using provider 'Microsoft.EntityFrameworkCore.SqlServer:6.0.11' with options: None
[2022-12-02 22:27:00.008 +01:00  INF]  Entity Framework Core 6.0.11 initialized 'TaskOrganiserContext' using provider 'Microsoft.EntityFrameworkCore.SqlServer:6.0.11' with options: None
[2022-12-02 22:27:16.782 +01:00  INF]  Entity Framework Core 6.0.11 initialized 'TaskOrganiserContext' using provider 'Microsoft.EntityFrameworkCore.SqlServer:6.0.11' with options: None
[2022-12-02 22:28:58.527 +01:00  INF]  Entity Framework Core 6.0.11 initialized 'TaskOrganiserContext' using provider 'Microsoft.EntityFrameworkCore.SqlServer:6.0.11' with options: None
[2022-12-02 22:29:19.001 +01:00  INF]  Entity Framework Core 6.0.11 initialized 'TaskOrganiserContext' using provider 'Microsoft.EntityFrameworkCore.SqlServer:6.0.11' with options: None
[2022-12-02 22:30:34.028 +01:00  INF]  Entity Framework Core 6.0.11 initialized 'TaskOrganiserContext' using provider 'Microsoft.EntityFrameworkCore.SqlServer:6.0.11' with options: None
[2022-12-02 22:31:07.057 +01:00  INF]  Entity Framework Core 6.0.11 initialized 'TaskOrganiserContext' using provider 'Microsoft.EntityFrameworkCore.SqlServer:6.0.11' with options: None
[2022-12-02 22:31:36.671 +01:00  INF]  Entity Framework Core 6.0.11 initialized 'TaskOrganiserContext' using provider 'Microsoft.EntityFrameworkCore.SqlServer:6.0.11' with options: None
[2022-12-02 22:31:39.990 +01:00  INF]  Executed DbCommand (1,197ms) [Parameters=[], CommandType='"Text"', CommandTimeout='60']
CREATE DATABASE [hackathon];
[2022-12-02 22:31:40.485 +01:00  INF]  Executed DbCommand (491ms) [Parameters=[], CommandType='"Text"', CommandTimeout='60']
IF SERVERPROPERTY('EngineEdition') <> 5
BEGIN
    ALTER DATABASE [hackathon] SET READ_COMMITTED_SNAPSHOT ON;
END;
[2022-12-02 22:31:41.525 +01:00  INF]  Executed DbCommand (219ms) [Parameters=[], CommandType='"Text"', CommandTimeout='30']
SELECT 1
[2022-12-02 22:31:41.817 +01:00  INF]  Executed DbCommand (174ms) [Parameters=[], CommandType='"Text"', CommandTimeout='30']
CREATE TABLE [__EFMigrationsHistory] (
    [MigrationId] nvarchar(150) NOT NULL,
    [ProductVersion] nvarchar(32) NOT NULL,
    CONSTRAINT [PK___EFMigrationsHistory] PRIMARY KEY ([MigrationId])
);
[2022-12-02 22:31:42.022 +01:00  INF]  Executed DbCommand (203ms) [Parameters=[], CommandType='"Text"', CommandTimeout='30']
SELECT 1
[2022-12-02 22:31:42.239 +01:00  INF]  Executed DbCommand (207ms) [Parameters=[], CommandType='"Text"', CommandTimeout='30']
SELECT OBJECT_ID(N'[__EFMigrationsHistory]');
[2022-12-02 22:31:42.540 +01:00  INF]  Executed DbCommand (296ms) [Parameters=[], CommandType='"Text"', CommandTimeout='30']
SELECT [MigrationId], [ProductVersion]
FROM [__EFMigrationsHistory]
ORDER BY [MigrationId];
[2022-12-02 22:31:42.559 +01:00  INF]  Applying migration '20221202212148_initCreate'.
[2022-12-02 22:31:43.048 +01:00  INF]  Executed DbCommand (197ms) [Parameters=[], CommandType='"Text"', CommandTimeout='30']
CREATE TABLE [AspNetRoles] (
    [Id] nvarchar(450) NOT NULL,
    [Name] nvarchar(256) NULL,
    [NormalizedName] nvarchar(256) NULL,
    [ConcurrencyStamp] nvarchar(max) NULL,
    CONSTRAINT [PK_AspNetRoles] PRIMARY KEY ([Id])
);
[2022-12-02 22:31:43.254 +01:00  INF]  Executed DbCommand (205ms) [Parameters=[], CommandType='"Text"', CommandTimeout='30']
CREATE TABLE [AspNetUsers] (
    [Id] nvarchar(450) NOT NULL,
    [FirstName] nvarchar(max) NOT NULL,
    [LastName] nvarchar(max) NOT NULL,
    [UserName] nvarchar(256) NULL,
    [NormalizedUserName] nvarchar(256) NULL,
    [Email] nvarchar(256) NULL,
    [NormalizedEmail] nvarchar(256) NULL,
    [EmailConfirmed] bit NOT NULL,
    [PasswordHash] nvarchar(max) NULL,
    [SecurityStamp] nvarchar(max) NULL,
    [ConcurrencyStamp] nvarchar(max) NULL,
    [PhoneNumber] nvarchar(max) NULL,
    [PhoneNumberConfirmed] bit NOT NULL,
    [TwoFactorEnabled] bit NOT NULL,
    [LockoutEnd] datetimeoffset NULL,
    [LockoutEnabled] bit NOT NULL,
    [AccessFailedCount] int NOT NULL,
    CONSTRAINT [PK_AspNetUsers] PRIMARY KEY ([Id])
);
[2022-12-02 22:31:43.455 +01:00  INF]  Executed DbCommand (201ms) [Parameters=[], CommandType='"Text"', CommandTimeout='30']
CREATE TABLE [AspNetRoleClaims] (
    [Id] int NOT NULL IDENTITY,
    [RoleId] nvarchar(450) NOT NULL,
    [ClaimType] nvarchar(max) NULL,
    [ClaimValue] nvarchar(max) NULL,
    CONSTRAINT [PK_AspNetRoleClaims] PRIMARY KEY ([Id]),
    CONSTRAINT [FK_AspNetRoleClaims_AspNetRoles_RoleId] FOREIGN KEY ([RoleId]) REFERENCES [AspNetRoles] ([Id]) ON DELETE CASCADE
);
[2022-12-02 22:31:43.664 +01:00  INF]  Executed DbCommand (209ms) [Parameters=[], CommandType='"Text"', CommandTimeout='30']
CREATE TABLE [AspNetUserClaims] (
    [Id] int NOT NULL IDENTITY,
    [UserId] nvarchar(450) NOT NULL,
    [ClaimType] nvarchar(max) NULL,
    [ClaimValue] nvarchar(max) NULL,
    CONSTRAINT [PK_AspNetUserClaims] PRIMARY KEY ([Id]),
    CONSTRAINT [FK_AspNetUserClaims_AspNetUsers_UserId] FOREIGN KEY ([UserId]) REFERENCES [AspNetUsers] ([Id]) ON DELETE CASCADE
);
[2022-12-02 22:31:43.902 +01:00  INF]  Executed DbCommand (237ms) [Parameters=[], CommandType='"Text"', CommandTimeout='30']
CREATE TABLE [AspNetUserLogins] (
    [LoginProvider] nvarchar(450) NOT NULL,
    [ProviderKey] nvarchar(450) NOT NULL,
    [ProviderDisplayName] nvarchar(max) NULL,
    [UserId] nvarchar(450) NOT NULL,
    CONSTRAINT [PK_AspNetUserLogins] PRIMARY KEY ([LoginProvider], [ProviderKey]),
    CONSTRAINT [FK_AspNetUserLogins_AspNetUsers_UserId] FOREIGN KEY ([UserId]) REFERENCES [AspNetUsers] ([Id]) ON DELETE CASCADE
);
[2022-12-02 22:31:44.070 +01:00  INF]  Executed DbCommand (168ms) [Parameters=[], CommandType='"Text"', CommandTimeout='30']
CREATE TABLE [AspNetUserRoles] (
    [UserId] nvarchar(450) NOT NULL,
    [RoleId] nvarchar(450) NOT NULL,
    CONSTRAINT [PK_AspNetUserRoles] PRIMARY KEY ([UserId], [RoleId]),
    CONSTRAINT [FK_AspNetUserRoles_AspNetRoles_RoleId] FOREIGN KEY ([RoleId]) REFERENCES [AspNetRoles] ([Id]) ON DELETE CASCADE,
    CONSTRAINT [FK_AspNetUserRoles_AspNetUsers_UserId] FOREIGN KEY ([UserId]) REFERENCES [AspNetUsers] ([Id]) ON DELETE CASCADE
);
[2022-12-02 22:31:44.379 +01:00  INF]  Executed DbCommand (308ms) [Parameters=[], CommandType='"Text"', CommandTimeout='30']
CREATE TABLE [AspNetUserTokens] (
    [UserId] nvarchar(450) NOT NULL,
    [LoginProvider] nvarchar(450) NOT NULL,
    [Name] nvarchar(450) NOT NULL,
    [Value] nvarchar(max) NULL,
    CONSTRAINT [PK_AspNetUserTokens] PRIMARY KEY ([UserId], [LoginProvider], [Name]),
    CONSTRAINT [FK_AspNetUserTokens_AspNetUsers_UserId] FOREIGN KEY ([UserId]) REFERENCES [AspNetUsers] ([Id]) ON DELETE CASCADE
);
[2022-12-02 22:31:44.512 +01:00  INF]  Executed DbCommand (132ms) [Parameters=[], CommandType='"Text"', CommandTimeout='30']
CREATE INDEX [IX_AspNetRoleClaims_RoleId] ON [AspNetRoleClaims] ([RoleId]);
[2022-12-02 22:31:44.683 +01:00  INF]  Executed DbCommand (171ms) [Parameters=[], CommandType='"Text"', CommandTimeout='30']
CREATE UNIQUE INDEX [RoleNameIndex] ON [AspNetRoles] ([NormalizedName]) WHERE [NormalizedName] IS NOT NULL;
[2022-12-02 22:31:44.890 +01:00  INF]  Executed DbCommand (206ms) [Parameters=[], CommandType='"Text"', CommandTimeout='30']
CREATE INDEX [IX_AspNetUserClaims_UserId] ON [AspNetUserClaims] ([UserId]);
[2022-12-02 22:31:45.093 +01:00  INF]  Executed DbCommand (203ms) [Parameters=[], CommandType='"Text"', CommandTimeout='30']
CREATE INDEX [IX_AspNetUserLogins_UserId] ON [AspNetUserLogins] ([UserId]);
[2022-12-02 22:31:45.300 +01:00  INF]  Executed DbCommand (206ms) [Parameters=[], CommandType='"Text"', CommandTimeout='30']
CREATE INDEX [IX_AspNetUserRoles_RoleId] ON [AspNetUserRoles] ([RoleId]);
[2022-12-02 22:31:45.502 +01:00  INF]  Executed DbCommand (202ms) [Parameters=[], CommandType='"Text"', CommandTimeout='30']
CREATE INDEX [EmailIndex] ON [AspNetUsers] ([NormalizedEmail]);
[2022-12-02 22:31:45.709 +01:00  INF]  Executed DbCommand (206ms) [Parameters=[], CommandType='"Text"', CommandTimeout='30']
CREATE UNIQUE INDEX [UserNameIndex] ON [AspNetUsers] ([NormalizedUserName]) WHERE [NormalizedUserName] IS NOT NULL;
[2022-12-02 22:31:45.913 +01:00  INF]  Executed DbCommand (204ms) [Parameters=[], CommandType='"Text"', CommandTimeout='30']
INSERT INTO [__EFMigrationsHistory] ([MigrationId], [ProductVersion])
VALUES (N'20221202212148_initCreate', N'6.0.11');
[2022-12-02 22:31:46.121 +01:00  INF]  Applying migration '20221202212700_initCreate2'.
[2022-12-02 22:31:46.530 +01:00  INF]  Executed DbCommand (207ms) [Parameters=[], CommandType='"Text"', CommandTimeout='30']
INSERT INTO [__EFMigrationsHistory] ([MigrationId], [ProductVersion])
VALUES (N'20221202212700_initCreate2', N'6.0.11');
[2022-12-02 22:37:24.033 +01:00  INF]  User profile is available. Using 'C:\Users\Jakub Wrona\AppData\Local\ASP.NET\DataProtection-Keys' as key repository and Windows DPAPI to encrypt keys at rest.
[2022-12-02 22:37:24.317 +01:00  INF]  Application started. Press Ctrl+C to shut down.
[2022-12-02 22:37:24.325 +01:00  INF]  Hosting environment: Development
[2022-12-02 22:37:24.326 +01:00  INF]  Content root path: C:\Users\Jakub Wrona\Desktop\Wszechświat\Hackathon\API\TaskControllerAPI\WebApi\
[2022-12-02 22:37:24.374 +01:00  INF]  Request starting HTTP/2 GET https://localhost:44354/swagger - -
[2022-12-02 22:37:24.541 +01:00  INF]  Request finished HTTP/2 GET https://localhost:44354/swagger - - - 301 - - 170.5713ms
[2022-12-02 22:37:24.561 +01:00  INF]  Request starting HTTP/2 GET https://localhost:44354/swagger/index.html - -
[2022-12-02 22:37:24.933 +01:00  INF]  Request finished HTTP/2 GET https://localhost:44354/swagger/index.html - - - 200 - text/html;charset=utf-8 371.6235ms
[2022-12-02 22:37:25.035 +01:00  INF]  Request starting HTTP/2 GET https://localhost:44354/swagger/swagger-ui.css - -
[2022-12-02 22:37:25.036 +01:00  INF]  Request starting HTTP/2 GET https://localhost:44354/swagger/swagger-ui-bundle.js - -
[2022-12-02 22:37:25.037 +01:00  INF]  Request starting HTTP/2 GET https://localhost:44354/swagger/swagger-ui-standalone-preset.js - -
[2022-12-02 22:37:25.048 +01:00  INF]  Request starting HTTP/2 GET https://localhost:44354/_vs/browserLink - -
[2022-12-02 22:37:25.051 +01:00  INF]  Request starting HTTP/2 GET https://localhost:44354/_framework/aspnetcore-browser-refresh.js - -
[2022-12-02 22:37:25.066 +01:00  INF]  Request finished HTTP/2 GET https://localhost:44354/_framework/aspnetcore-browser-refresh.js - - - 200 11982 application/javascript;+charset=utf-8 12.6611ms
[2022-12-02 22:37:25.096 +01:00  INF]  Sending file. Request path: '/swagger-ui-bundle.js'. Physical path: 'N/A'
[2022-12-02 22:37:25.096 +01:00  INF]  Sending file. Request path: '/swagger-ui-standalone-preset.js'. Physical path: 'N/A'
[2022-12-02 22:37:25.096 +01:00  INF]  Sending file. Request path: '/swagger-ui.css'. Physical path: 'N/A'
[2022-12-02 22:37:25.100 +01:00  INF]  Request finished HTTP/2 GET https://localhost:44354/swagger/swagger-ui.css - - - 200 143632 text/css 64.7436ms
[2022-12-02 22:37:25.112 +01:00  INF]  Request finished HTTP/2 GET https://localhost:44354/swagger/swagger-ui-standalone-preset.js - - - 200 337162 application/javascript 73.7275ms
[2022-12-02 22:37:25.149 +01:00  INF]  Request finished HTTP/2 GET https://localhost:44354/swagger/swagger-ui-bundle.js - - - 200 1092889 application/javascript 113.3837ms
[2022-12-02 22:37:25.168 +01:00  INF]  Request finished HTTP/2 GET https://localhost:44354/_vs/browserLink - - - 200 - text/javascript;+charset=UTF-8 120.9557ms
[2022-12-02 22:37:25.320 +01:00  INF]  Request starting HTTP/2 GET https://localhost:44354/swagger/favicon-32x32.png - -
[2022-12-02 22:37:25.321 +01:00  INF]  Sending file. Request path: '/favicon-32x32.png'. Physical path: 'N/A'
[2022-12-02 22:37:25.321 +01:00  INF]  Request finished HTTP/2 GET https://localhost:44354/swagger/favicon-32x32.png - - - 200 628 image/png 1.2131ms
[2022-12-02 22:37:25.439 +01:00  INF]  Request starting HTTP/2 GET https://localhost:44354/swagger/v1/swagger.json - -
[2022-12-02 22:37:25.593 +01:00  INF]  Request finished HTTP/2 GET https://localhost:44354/swagger/v1/swagger.json - - - 200 - application/json;charset=utf-8 153.7773ms
[2022-12-02 22:37:30.215 +01:00  INF]  Request starting HTTP/2 POST https://localhost:44354/api/Users/register application/json 161
[2022-12-02 22:37:30.260 +01:00  INF]  CORS policy execution successful.
[2022-12-02 22:37:30.273 +01:00  INF]  Executing endpoint 'WebApi.Controllers.UsersController.UserRegister (WebApi)'
[2022-12-02 22:37:30.327 +01:00  INF]  Route matched with {action = "UserRegister", controller = "Users"}. Executing controller action with signature System.Threading.Tasks.Task`1[Microsoft.AspNetCore.Mvc.IActionResult] UserRegister(Application.Dtos.UserRegistrationDto) on controller WebApi.Controllers.UsersController (WebApi).
[2022-12-02 22:37:30.343 +01:00  INF]  Executed action WebApi.Controllers.UsersController.UserRegister (WebApi) in 6.4101ms
[2022-12-02 22:37:30.348 +01:00  INF]  Executed endpoint 'WebApi.Controllers.UsersController.UserRegister (WebApi)'
[2022-12-02 22:37:30.352 +01:00  ERR]  An unhandled exception has occurred while executing the request.
System.InvalidOperationException: Unable to resolve service for type 'Application.Interfaces.IUsersService' while attempting to activate 'WebApi.Controllers.UsersController'.
   at Microsoft.Extensions.DependencyInjection.ActivatorUtilities.GetService(IServiceProvider sp, Type type, Type requiredBy, Boolean isDefaultParameterRequired)
   at lambda_method10(Closure , IServiceProvider , Object[] )
   at Microsoft.AspNetCore.Mvc.Controllers.ControllerActivatorProvider.<>c__DisplayClass7_0.<CreateActivator>b__0(ControllerContext controllerContext)
   at Microsoft.AspNetCore.Mvc.Controllers.ControllerFactoryProvider.<>c__DisplayClass6_0.<CreateControllerFactory>g__CreateController|0(ControllerContext controllerContext)
   at Microsoft.AspNetCore.Mvc.Infrastructure.ControllerActionInvoker.Next(State& next, Scope& scope, Object& state, Boolean& isCompleted)
   at Microsoft.AspNetCore.Mvc.Infrastructure.ControllerActionInvoker.InvokeInnerFilterAsync()
--- End of stack trace from previous location ---
   at Microsoft.AspNetCore.Mvc.Infrastructure.ResourceInvoker.<InvokeFilterPipelineAsync>g__Awaited|20_0(ResourceInvoker invoker, Task lastTask, State next, Scope scope, Object state, Boolean isCompleted)
   at Microsoft.AspNetCore.Mvc.Infrastructure.ResourceInvoker.<InvokeAsync>g__Logged|17_1(ResourceInvoker invoker)
   at Microsoft.AspNetCore.Mvc.Infrastructure.ResourceInvoker.<InvokeAsync>g__Logged|17_1(ResourceInvoker invoker)
   at Microsoft.AspNetCore.Routing.EndpointMiddleware.<Invoke>g__AwaitRequestTask|6_0(Endpoint endpoint, Task requestTask, ILogger logger)
   at Microsoft.AspNetCore.Authorization.AuthorizationMiddleware.Invoke(HttpContext context)
   at Swashbuckle.AspNetCore.SwaggerUI.SwaggerUIMiddleware.Invoke(HttpContext httpContext)
   at Swashbuckle.AspNetCore.Swagger.SwaggerMiddleware.Invoke(HttpContext httpContext, ISwaggerProvider swaggerProvider)
   at Microsoft.AspNetCore.Diagnostics.DeveloperExceptionPageMiddleware.Invoke(HttpContext context)
[2022-12-02 22:37:30.437 +01:00  INF]  Request finished HTTP/2 POST https://localhost:44354/api/Users/register application/json 161 - 500 - text/plain;+charset=utf-8 221.8295ms
[2022-12-02 22:39:07.227 +01:00  INF]  User profile is available. Using 'C:\Users\Jakub Wrona\AppData\Local\ASP.NET\DataProtection-Keys' as key repository and Windows DPAPI to encrypt keys at rest.
[2022-12-02 22:39:07.443 +01:00  INF]  Application started. Press Ctrl+C to shut down.
[2022-12-02 22:39:07.443 +01:00  INF]  Hosting environment: Development
[2022-12-02 22:39:07.443 +01:00  INF]  Content root path: C:\Users\Jakub Wrona\Desktop\Wszechświat\Hackathon\API\TaskControllerAPI\WebApi\
[2022-12-02 22:39:07.480 +01:00  INF]  Request starting HTTP/2 GET https://localhost:44354/swagger/index.html - -
[2022-12-02 22:39:07.875 +01:00  INF]  Request finished HTTP/2 GET https://localhost:44354/swagger/index.html - - - 200 - text/html;charset=utf-8 398.6984ms
[2022-12-02 22:39:07.971 +01:00  INF]  Request starting HTTP/2 GET https://localhost:44354/_framework/aspnetcore-browser-refresh.js - -
[2022-12-02 22:39:07.971 +01:00  INF]  Request starting HTTP/2 GET https://localhost:44354/_vs/browserLink - -
[2022-12-02 22:39:07.981 +01:00  INF]  Request finished HTTP/2 GET https://localhost:44354/_framework/aspnetcore-browser-refresh.js - - - 200 11982 application/javascript;+charset=utf-8 9.1119ms
[2022-12-02 22:39:08.043 +01:00  INF]  Request finished HTTP/2 GET https://localhost:44354/_vs/browserLink - - - 200 - text/javascript;+charset=UTF-8 72.5426ms
[2022-12-02 22:39:08.329 +01:00  INF]  Request starting HTTP/2 GET https://localhost:44354/swagger/v1/swagger.json - -
[2022-12-02 22:39:08.503 +01:00  INF]  Request finished HTTP/2 GET https://localhost:44354/swagger/v1/swagger.json - - - 200 - application/json;charset=utf-8 173.2343ms
[2022-12-02 22:39:11.517 +01:00  INF]  Request starting HTTP/2 POST https://localhost:44354/api/Users/register application/json 161
[2022-12-02 22:39:11.554 +01:00  INF]  CORS policy execution successful.
[2022-12-02 22:39:11.563 +01:00  INF]  Executing endpoint 'WebApi.Controllers.UsersController.UserRegister (WebApi)'
[2022-12-02 22:39:11.612 +01:00  INF]  Route matched with {action = "UserRegister", controller = "Users"}. Executing controller action with signature System.Threading.Tasks.Task`1[Microsoft.AspNetCore.Mvc.IActionResult] UserRegister(Application.Dtos.UserRegistrationDto) on controller WebApi.Controllers.UsersController (WebApi).
[2022-12-02 22:40:09.104 +01:00  INF]  User profile is available. Using 'C:\Users\Jakub Wrona\AppData\Local\ASP.NET\DataProtection-Keys' as key repository and Windows DPAPI to encrypt keys at rest.
[2022-12-02 22:40:09.317 +01:00  INF]  Application started. Press Ctrl+C to shut down.
[2022-12-02 22:40:09.317 +01:00  INF]  Hosting environment: Development
[2022-12-02 22:40:09.317 +01:00  INF]  Content root path: C:\Users\Jakub Wrona\Desktop\Wszechświat\Hackathon\API\TaskControllerAPI\WebApi\
[2022-12-02 22:40:09.356 +01:00  INF]  Request starting HTTP/2 GET https://localhost:44354/swagger/index.html - -
[2022-12-02 22:40:09.758 +01:00  INF]  Request finished HTTP/2 GET https://localhost:44354/swagger/index.html - - - 200 - text/html;charset=utf-8 404.9767ms
[2022-12-02 22:40:09.869 +01:00  INF]  Request starting HTTP/2 GET https://localhost:44354/_framework/aspnetcore-browser-refresh.js - -
[2022-12-02 22:40:09.878 +01:00  INF]  Request starting HTTP/2 GET https://localhost:44354/_vs/browserLink - -
[2022-12-02 22:40:09.885 +01:00  INF]  Request finished HTTP/2 GET https://localhost:44354/_framework/aspnetcore-browser-refresh.js - - - 200 11982 application/javascript;+charset=utf-8 16.1693ms
[2022-12-02 22:40:09.949 +01:00  INF]  Request finished HTTP/2 GET https://localhost:44354/_vs/browserLink - - - 200 - text/javascript;+charset=UTF-8 68.2226ms
[2022-12-02 22:40:10.215 +01:00  INF]  Request starting HTTP/2 GET https://localhost:44354/swagger/v1/swagger.json - -
[2022-12-02 22:40:10.412 +01:00  INF]  Request finished HTTP/2 GET https://localhost:44354/swagger/v1/swagger.json - - - 200 - application/json;charset=utf-8 196.7792ms
[2022-12-02 22:40:14.241 +01:00  INF]  Request starting HTTP/2 POST https://localhost:44354/api/Users/register application/json 161
[2022-12-02 22:40:14.279 +01:00  INF]  CORS policy execution successful.
[2022-12-02 22:40:14.291 +01:00  INF]  Executing endpoint 'WebApi.Controllers.UsersController.UserRegister (WebApi)'
[2022-12-02 22:40:14.337 +01:00  INF]  Route matched with {action = "UserRegister", controller = "Users"}. Executing controller action with signature System.Threading.Tasks.Task`1[Microsoft.AspNetCore.Mvc.IActionResult] UserRegister(Application.Dtos.UserRegistrationDto) on controller WebApi.Controllers.UsersController (WebApi).
[2022-12-02 22:40:14.844 +01:00  WRN]  User password validation failed: PasswordRequiresNonAlphanumeric;PasswordRequiresDigit;PasswordRequiresUpper.
[2022-12-02 22:40:14.860 +01:00  INF]  Executing BadRequestObjectResult, writing value of type 'Application.Dtos.RegistrationResponseDto'.
[2022-12-02 22:40:14.883 +01:00  INF]  Executed action WebApi.Controllers.UsersController.UserRegister (WebApi) in 533.0488ms
[2022-12-02 22:40:14.890 +01:00  INF]  Executed endpoint 'WebApi.Controllers.UsersController.UserRegister (WebApi)'
[2022-12-02 22:40:14.898 +01:00  INF]  Request finished HTTP/2 POST https://localhost:44354/api/Users/register application/json 161 - 400 - application/json;+charset=utf-8 657.2513ms
[2022-12-02 22:40:42.145 +01:00  INF]  Request starting HTTP/2 POST https://localhost:44354/api/Users/register application/json 168
[2022-12-02 22:40:42.155 +01:00  INF]  CORS policy execution successful.
[2022-12-02 22:40:42.158 +01:00  INF]  Executing endpoint 'WebApi.Controllers.UsersController.UserRegister (WebApi)'
[2022-12-02 22:40:42.164 +01:00  INF]  Route matched with {action = "UserRegister", controller = "Users"}. Executing controller action with signature System.Threading.Tasks.Task`1[Microsoft.AspNetCore.Mvc.IActionResult] UserRegister(Application.Dtos.UserRegistrationDto) on controller WebApi.Controllers.UsersController (WebApi).
[2022-12-02 22:40:42.252 +01:00  INF]  Executing BadRequestObjectResult, writing value of type 'Microsoft.AspNetCore.Mvc.ValidationProblemDetails'.
[2022-12-02 22:40:42.256 +01:00  INF]  Executed action WebApi.Controllers.UsersController.UserRegister (WebApi) in 91.622ms
[2022-12-02 22:40:42.256 +01:00  INF]  Executed endpoint 'WebApi.Controllers.UsersController.UserRegister (WebApi)'
[2022-12-02 22:40:42.257 +01:00  INF]  Request finished HTTP/2 POST https://localhost:44354/api/Users/register application/json 168 - 400 - application/problem+json;+charset=utf-8 113.4342ms
[2022-12-02 22:40:49.549 +01:00  INF]  Request starting HTTP/2 POST https://localhost:44354/api/Users/register application/json 175
[2022-12-02 22:40:49.550 +01:00  INF]  CORS policy execution successful.
[2022-12-02 22:40:49.550 +01:00  INF]  Executing endpoint 'WebApi.Controllers.UsersController.UserRegister (WebApi)'
[2022-12-02 22:40:49.550 +01:00  INF]  Route matched with {action = "UserRegister", controller = "Users"}. Executing controller action with signature System.Threading.Tasks.Task`1[Microsoft.AspNetCore.Mvc.IActionResult] UserRegister(Application.Dtos.UserRegistrationDto) on controller WebApi.Controllers.UsersController (WebApi).
[2022-12-02 22:40:49.563 +01:00  WRN]  User password validation failed: PasswordRequiresUpper.
[2022-12-02 22:40:49.563 +01:00  INF]  Executing BadRequestObjectResult, writing value of type 'Application.Dtos.RegistrationResponseDto'.
[2022-12-02 22:40:49.564 +01:00  INF]  Executed action WebApi.Controllers.UsersController.UserRegister (WebApi) in 14.287ms
[2022-12-02 22:40:49.564 +01:00  INF]  Executed endpoint 'WebApi.Controllers.UsersController.UserRegister (WebApi)'
[2022-12-02 22:40:49.565 +01:00  INF]  Request finished HTTP/2 POST https://localhost:44354/api/Users/register application/json 175 - 400 - application/json;+charset=utf-8 15.8789ms
[2022-12-02 22:41:46.030 +01:00  INF]  Request starting HTTP/2 POST https://localhost:44354/api/Users/register application/json 175
[2022-12-02 22:41:46.031 +01:00  INF]  CORS policy execution successful.
[2022-12-02 22:41:46.031 +01:00  INF]  Executing endpoint 'WebApi.Controllers.UsersController.UserRegister (WebApi)'
[2022-12-02 22:41:46.031 +01:00  INF]  Route matched with {action = "UserRegister", controller = "Users"}. Executing controller action with signature System.Threading.Tasks.Task`1[Microsoft.AspNetCore.Mvc.IActionResult] UserRegister(Application.Dtos.UserRegistrationDto) on controller WebApi.Controllers.UsersController (WebApi).
[2022-12-02 22:41:47.559 +01:00  INF]  Entity Framework Core 6.0.11 initialized 'TaskOrganiserContext' using provider 'Microsoft.EntityFrameworkCore.SqlServer:6.0.11' with options: None
[2022-12-02 22:41:50.659 +01:00  INF]  Executed DbCommand (467ms) [Parameters=[@__normalizedUserName_0='?' (Size = 256)], CommandType='"Text"', CommandTimeout='30']
SELECT TOP(1) [a].[Id], [a].[AccessFailedCount], [a].[ConcurrencyStamp], [a].[Email], [a].[EmailConfirmed], [a].[FirstName], [a].[LastName], [a].[LockoutEnabled], [a].[LockoutEnd], [a].[NormalizedEmail], [a].[NormalizedUserName], [a].[PasswordHash], [a].[PhoneNumber], [a].[PhoneNumberConfirmed], [a].[SecurityStamp], [a].[TwoFactorEnabled], [a].[UserName]
FROM [AspNetUsers] AS [a]
WHERE [a].[NormalizedUserName] = @__normalizedUserName_0
[2022-12-02 22:41:51.735 +01:00  INF]  Executed DbCommand (315ms) [Parameters=[@p0='?' (Size = 450), @p1='?' (DbType = Int32), @p2='?' (Size = 4000), @p3='?' (Size = 256), @p4='?' (DbType = Boolean), @p5='?' (Size = 4000), @p6='?' (Size = 4000), @p7='?' (DbType = Boolean), @p8='?' (DbType = DateTimeOffset), @p9='?' (Size = 256), @p10='?' (Size = 256), @p11='?' (Size = 4000), @p12='?' (Size = 4000), @p13='?' (DbType = Boolean), @p14='?' (Size = 4000), @p15='?' (DbType = Boolean), @p16='?' (Size = 256)], CommandType='"Text"', CommandTimeout='30']
SET NOCOUNT ON;
INSERT INTO [AspNetUsers] ([Id], [AccessFailedCount], [ConcurrencyStamp], [Email], [EmailConfirmed], [FirstName], [LastName], [LockoutEnabled], [LockoutEnd], [NormalizedEmail], [NormalizedUserName], [PasswordHash], [PhoneNumber], [PhoneNumberConfirmed], [SecurityStamp], [TwoFactorEnabled], [UserName])
VALUES (@p0, @p1, @p2, @p3, @p4, @p5, @p6, @p7, @p8, @p9, @p10, @p11, @p12, @p13, @p14, @p15, @p16);
[2022-12-02 22:41:52.097 +01:00  INF]  Executing OkObjectResult, writing value of type 'Application.Dtos.RegistrationResponseDto'.
[2022-12-02 22:41:52.100 +01:00  INF]  Executed action WebApi.Controllers.UsersController.UserRegister (WebApi) in 6068.4422ms
[2022-12-02 22:41:52.101 +01:00  INF]  Executed endpoint 'WebApi.Controllers.UsersController.UserRegister (WebApi)'
[2022-12-02 22:41:52.118 +01:00  INF]  Request finished HTTP/2 POST https://localhost:44354/api/Users/register application/json 175 - 200 - application/json;+charset=utf-8 6090.0265ms
[2022-12-02 22:48:39.113 +01:00  INF]  User profile is available. Using 'C:\Users\Jakub Wrona\AppData\Local\ASP.NET\DataProtection-Keys' as key repository and Windows DPAPI to encrypt keys at rest.
[2022-12-02 22:48:39.321 +01:00  INF]  Application started. Press Ctrl+C to shut down.
[2022-12-02 22:48:39.322 +01:00  INF]  Hosting environment: Development
[2022-12-02 22:48:39.322 +01:00  INF]  Content root path: C:\Users\Jakub Wrona\Desktop\Wszechświat\Hackathon\API\TaskControllerAPI\WebApi\
[2022-12-02 22:48:39.361 +01:00  INF]  Request starting HTTP/2 GET https://localhost:44354/swagger/index.html - -
[2022-12-02 22:48:39.766 +01:00  INF]  Request finished HTTP/2 GET https://localhost:44354/swagger/index.html - - - 200 - text/html;charset=utf-8 410.4124ms
[2022-12-02 22:48:39.841 +01:00  INF]  Request starting HTTP/2 GET https://localhost:44354/_framework/aspnetcore-browser-refresh.js - -
[2022-12-02 22:48:39.847 +01:00  INF]  Request starting HTTP/2 GET https://localhost:44354/_vs/browserLink - -
[2022-12-02 22:48:39.848 +01:00  INF]  Request finished HTTP/2 GET https://localhost:44354/_framework/aspnetcore-browser-refresh.js - - - 200 11982 application/javascript;+charset=utf-8 6.0504ms
[2022-12-02 22:48:39.907 +01:00  INF]  Request finished HTTP/2 GET https://localhost:44354/_vs/browserLink - - - 200 - text/javascript;+charset=UTF-8 59.9331ms
[2022-12-02 22:48:40.187 +01:00  INF]  Request starting HTTP/2 GET https://localhost:44354/swagger/v1/swagger.json - -
[2022-12-02 22:48:40.361 +01:00  INF]  Request finished HTTP/2 GET https://localhost:44354/swagger/v1/swagger.json - - - 200 - application/json;charset=utf-8 173.9763ms
